2020-05-11 09:30:11.283 [main] INFO  o.s.c.s.PostProcessorRegistrationDelegate$BeanPostProcessorChecker
				-Bean 'org.springframework.retry.annotation.RetryConfiguration' of type [org.springframework.retry.annotation.RetryConfiguration$$EnhancerBySpringCGLIB$$8dea4229] is not eligible for getting processed by all BeanPostProcessors (for example: not eligible for auto-proxying)
2020-05-11 09:30:11.815 [main] INFO  o.s.c.b.c.PropertySourceBootstrapConfiguration
				-Located property source: [BootstrapPropertySource {name='bootstrapProperties-config/sc-webflux-service/'}, BootstrapPropertySource {name='bootstrapProperties-config/application/'}]
2020-05-11 09:30:11.818 [main] INFO  c.springboot.book.WebFluxApplication
				-No active profile set, falling back to default profiles: default
2020-05-11 09:30:12.142 [main] INFO  o.s.d.r.c.RepositoryConfigurationDelegate
				-Bootstrapping Spring Data Reactive MongoDB repositories in DEFAULT mode.
2020-05-11 09:30:12.172 [main] INFO  o.s.d.r.c.RepositoryConfigurationDelegate
				-Finished Spring Data repository scanning in 27ms. Found 1 Reactive MongoDB repository interfaces.
2020-05-11 09:30:12.227 [main] WARN  o.s.boot.actuate.endpoint.EndpointId
				-Endpoint ID 'bus-env' contains invalid characters, please migrate to a valid format.
2020-05-11 09:30:12.332 [main] WARN  o.s.boot.actuate.endpoint.EndpointId
				-Endpoint ID 'bus-refresh' contains invalid characters, please migrate to a valid format.
2020-05-11 09:30:12.377 [main] WARN  o.s.boot.actuate.endpoint.EndpointId
				-Endpoint ID 'service-registry' contains invalid characters, please migrate to a valid format.
2020-05-11 09:30:12.392 [main] WARN  o.s.boot.actuate.endpoint.EndpointId
				-Endpoint ID 'hystrix.stream' contains invalid characters, please migrate to a valid format.
2020-05-11 09:30:12.473 [main] INFO  o.s.cloud.context.scope.GenericScope
				-BeanFactory id=1bb2219d-5948-3e15-bac9-5ccec330e90f
2020-05-11 09:30:12.511 [main] INFO  o.s.i.c.DefaultConfiguringBeanFactoryPostProcessor
				-No bean named 'errorChannel' has been explicitly defined. Therefore, a default PublishSubscribeChannel will be created.
2020-05-11 09:30:12.515 [main] INFO  o.s.i.c.DefaultConfiguringBeanFactoryPostProcessor
				-No bean named 'taskScheduler' has been explicitly defined. Therefore, a default ThreadPoolTaskScheduler will be created.
2020-05-11 09:30:12.517 [main] INFO  o.s.i.c.DefaultConfiguringBeanFactoryPostProcessor
				-No bean named 'integrationHeaderChannelRegistry' has been explicitly defined. Therefore, a default DefaultHeaderChannelRegistry will be created.
2020-05-11 09:30:12.539 [main] INFO  o.s.c.s.PostProcessorRegistrationDelegate$BeanPostProcessorChecker
				-Bean 'org.springframework.retry.annotation.RetryConfiguration' of type [org.springframework.retry.annotation.RetryConfiguration$$EnhancerBySpringCGLIB$$8dea4229] is not eligible for getting processed by all BeanPostProcessors (for example: not eligible for auto-proxying)
2020-05-11 09:30:12.555 [main] INFO  o.s.c.s.PostProcessorRegistrationDelegate$BeanPostProcessorChecker
				-Bean 'integrationChannelResolver' of type [org.springframework.integration.support.channel.BeanFactoryChannelResolver] is not eligible for getting processed by all BeanPostProcessors (for example: not eligible for auto-proxying)
2020-05-11 09:30:12.613 [main] INFO  o.s.c.s.PostProcessorRegistrationDelegate$BeanPostProcessorChecker
				-Bean 'integrationDisposableAutoCreatedBeans' of type [org.springframework.integration.config.annotation.Disposables] is not eligible for getting processed by all BeanPostProcessors (for example: not eligible for auto-proxying)
2020-05-11 09:30:12.623 [main] INFO  o.s.c.s.PostProcessorRegistrationDelegate$BeanPostProcessorChecker
				-Bean 'org.springframework.integration.config.IntegrationManagementConfiguration' of type [org.springframework.integration.config.IntegrationManagementConfiguration] is not eligible for getting processed by all BeanPostProcessors (for example: not eligible for auto-proxying)
2020-05-11 09:30:12.629 [main] INFO  o.s.c.s.PostProcessorRegistrationDelegate$BeanPostProcessorChecker
				-Bean 'org.springframework.cloud.client.loadbalancer.reactive.LoadBalancerBeanPostProcessorAutoConfiguration' of type [org.springframework.cloud.client.loadbalancer.reactive.LoadBalancerBeanPostProcessorAutoConfiguration] is not eligible for getting processed by all BeanPostProcessors (for example: not eligible for auto-proxying)
2020-05-11 09:30:12.630 [main] INFO  o.s.c.s.PostProcessorRegistrationDelegate$BeanPostProcessorChecker
				-Bean 'org.springframework.cloud.client.loadbalancer.reactive.LoadBalancerBeanPostProcessorAutoConfiguration$ReactiveLoadBalancerConfig' of type [org.springframework.cloud.client.loadbalancer.reactive.LoadBalancerBeanPostProcessorAutoConfiguration$ReactiveLoadBalancerConfig] is not eligible for getting processed by all BeanPostProcessors (for example: not eligible for auto-proxying)
2020-05-11 09:30:12.631 [main] INFO  o.s.c.s.PostProcessorRegistrationDelegate$BeanPostProcessorChecker
				-Bean 'deferringLoadBalancerExchangeFilterFunction' of type [org.springframework.cloud.client.loadbalancer.reactive.DeferringLoadBalancerExchangeFilterFunction] is not eligible for getting processed by all BeanPostProcessors (for example: not eligible for auto-proxying)
2020-05-11 09:30:12.832 [main] INFO  org.mongodb.driver.cluster
				-Cluster created with settings {hosts=[localhost:27017], mode=SINGLE, requiredClusterType=UNKNOWN, serverSelectionTimeout='30000 ms', maxWaitQueueSize=500}
2020-05-11 09:30:12.875 [main] INFO  org.mongodb.driver.cluster
				-Cluster created with settings {hosts=[localhost:27017], mode=MULTIPLE, requiredClusterType=UNKNOWN, serverSelectionTimeout='30000 ms', maxWaitQueueSize=500}
2020-05-11 09:30:12.875 [main] INFO  org.mongodb.driver.cluster
				-Adding discovered server localhost:27017 to client view of cluster
2020-05-11 09:30:12.893 [cluster-ClusterId{value='5eb8aaa41418c64924a5ccad', description='null'}-localhost:27017] INFO  org.mongodb.driver.connection
				-Opened connection [connectionId{localValue:2, serverValue:7}] to localhost:27017
2020-05-11 09:30:12.897 [cluster-ClusterId{value='5eb8aaa41418c64924a5ccad', description='null'}-localhost:27017] INFO  org.mongodb.driver.cluster
				-Monitor thread successfully connected to server with description ServerDescription{address=localhost:27017, type=STANDALONE, state=CONNECTED, ok=true, version=ServerVersion{versionList=[4, 2, 3]}, minWireVersion=0, maxWireVersion=8, maxDocumentSize=16777216, logicalSessionTimeoutMinutes=30, roundTripTimeNanos=2697478}
2020-05-11 09:30:12.897 [cluster-ClusterId{value='5eb8aaa41418c64924a5ccad', description='null'}-localhost:27017] INFO  org.mongodb.driver.cluster
				-Discovered cluster type of STANDALONE
2020-05-11 09:30:13.252 [cluster-ClusterId{value='5eb8aaa41418c64924a5ccac', description='null'}-localhost:27017] INFO  org.mongodb.driver.connection
				-Opened connection [connectionId{localValue:1, serverValue:8}] to localhost:27017
2020-05-11 09:30:13.253 [cluster-ClusterId{value='5eb8aaa41418c64924a5ccac', description='null'}-localhost:27017] INFO  org.mongodb.driver.cluster
				-Monitor thread successfully connected to server with description ServerDescription{address=localhost:27017, type=STANDALONE, state=CONNECTED, ok=true, version=ServerVersion{versionList=[4, 2, 3]}, minWireVersion=0, maxWireVersion=8, maxDocumentSize=16777216, logicalSessionTimeoutMinutes=30, roundTripTimeNanos=1061925}
2020-05-11 09:30:13.421 [main] WARN  c.n.c.sources.URLConfigurationSource
				-No URLs will be polled as dynamic configuration sources.
2020-05-11 09:30:13.421 [main] INFO  c.n.c.sources.URLConfigurationSource
				-To enable URLs as dynamic configuration sources, define System property archaius.configurationSource.additionalUrls or make config.properties available on classpath.
2020-05-11 09:30:13.424 [main] WARN  c.n.c.sources.URLConfigurationSource
				-No URLs will be polled as dynamic configuration sources.
2020-05-11 09:30:13.424 [main] INFO  c.n.c.sources.URLConfigurationSource
				-To enable URLs as dynamic configuration sources, define System property archaius.configurationSource.additionalUrls or make config.properties available on classpath.
2020-05-11 09:30:13.904 [main] INFO  o.s.b.a.e.web.EndpointLinksResolver
				-Exposing 2 endpoint(s) beneath base path '/actuator'
2020-05-11 09:30:14.094 [main] INFO  o.s.c.s.f.FunctionConfiguration$FunctionBindingRegistrar
				-Functional binding is disabled due to the presense of @EnableBinding annotation in your configuration
2020-05-11 09:30:14.110 [main] INFO  o.s.s.c.ThreadPoolTaskScheduler
				-Initializing ExecutorService 'taskScheduler'
2020-05-11 09:30:14.672 [main] WARN  o.s.c.l.c.BlockingLoadBalancerClientAutoConfiguration$BlockingLoadBalancerClientRibbonWarnLogger
				-You already have RibbonLoadBalancerClient on your classpath. It will be used by default. As Spring Cloud Ribbon is in maintenance mode. We recommend switching to BlockingLoadBalancerClient instead. In order to use it, set the value of `spring.cloud.loadbalancer.ribbon.enabled` to `false` or remove spring-cloud-starter-netflix-ribbon from your project.
2020-05-11 09:30:14.681 [main] WARN  o.s.c.c.l.r.ReactorLoadBalancerClientAutoConfiguration$ReactorLoadBalancerClientRibbonWarnLogger
				-You have RibbonLoadBalancerClient on your classpath. LoadBalancerExchangeFilterFunction that uses it under the hood will be used by default. Spring Cloud Ribbon is now in maintenance mode, so we suggest switching to ReactorLoadBalancerExchangeFilterFunction instead. In order to use it, set the value of `spring.cloud.loadbalancer.ribbon.enabled` to `false` or remove spring-cloud-starter-netflix-ribbon from your project.
2020-05-11 09:30:14.690 [main] INFO  o.s.s.c.ThreadPoolTaskScheduler
				-Initializing ExecutorService 'configWatchTaskScheduler'
2020-05-11 09:30:14.692 [main] INFO  o.s.s.c.ThreadPoolTaskScheduler
				-Initializing ExecutorService 'catalogWatchTaskScheduler'
2020-05-11 09:30:14.742 [main] INFO  o.s.c.s.m.DirectWithAttributesChannel
				-Channel 'sc-webflux-service-1.springCloudBusInput' has 1 subscriber(s).
2020-05-11 09:30:14.771 [main] INFO  o.s.i.endpoint.EventDrivenConsumer
				-Adding {logging-channel-adapter:_org.springframework.integration.errorLogger} as a subscriber to the 'errorChannel' channel
2020-05-11 09:30:14.771 [main] INFO  o.s.i.c.PublishSubscribeChannel
				-Channel 'sc-webflux-service-1.errorChannel' has 1 subscriber(s).
2020-05-11 09:30:14.771 [main] INFO  o.s.i.endpoint.EventDrivenConsumer
				-started bean '_org.springframework.integration.errorLogger'
2020-05-11 09:30:15.022 [main] INFO  o.s.c.b.c.PropertySourceBootstrapConfiguration
				-Located property source: [BootstrapPropertySource {name='bootstrapProperties-config/sc-webflux-service/'}, BootstrapPropertySource {name='bootstrapProperties-config/application/'}]
2020-05-11 09:30:15.048 [main] INFO  o.s.i.endpoint.EventDrivenConsumer
				-Adding {message-handler:outbound.springCloudBus} as a subscriber to the 'springCloudBusOutput' channel
2020-05-11 09:30:15.048 [main] INFO  o.s.c.s.m.DirectWithAttributesChannel
				-Channel 'sc-webflux-service-1.springCloudBusOutput' has 1 subscriber(s).
2020-05-11 09:30:15.048 [main] INFO  o.s.i.endpoint.EventDrivenConsumer
				-started bean 'outbound.springCloudBus'
2020-05-11 09:30:15.054 [main] INFO  o.s.c.c.b.ConsulInboundMessageProducer
				-started org.springframework.cloud.consul.binder.ConsulInboundMessageProducer@55d1f065
2020-05-11 09:30:15.089 [main] INFO  o.s.b.w.e.netty.NettyWebServer
				-Netty started on port(s): 5000
2020-05-11 09:30:15.100 [main] INFO  o.s.c.c.s.ConsulServiceRegistry
				-Registering service with consul: NewService{id='sc-webflux-service-5000', name='sc-webflux-service', tags=[secure=false], address='SHINETECH-ANDY', meta=null, port=5000, enableTagOverride=null, check=Check{script='null', interval='10s', ttl='null', http='http://SHINETECH-ANDY:5000/actuator/health', method='null', header={}, tcp='null', timeout='null', deregisterCriticalServiceAfter='null', tlsSkipVerify=null, status='null'}, checks=null}
2020-05-11 09:30:15.579 [main] INFO  c.springboot.book.WebFluxApplication
				-Started WebFluxApplication in 5.078 seconds (JVM running for 5.849)
2020-05-11 09:30:23.938 [nioEventLoopGroup-2-2] INFO  org.mongodb.driver.connection
				-Opened connection [connectionId{localValue:3, serverValue:9}] to localhost:27017
